<?xml version="1.0" encoding="UTF-8"?>
<!-- Generated by org.testng.reporters.JUnitXMLReporter -->
<testsuite ignored="0" hostname="DESKTOP-KQ2N0T6" failures="0" tests="5" name="basicWebApp" time="17.501" errors="0" timestamp="2023-08-10T21:15:06 EEST">
  <testcase classname="org.example.BasicWebPage" name="basicWebPageTests" time="4.451"/>
  <testcase classname="org.example.DynamicAttributes" name="dynamicAttributes" time="2.226"/>
  <testcase classname="org.example.FindPlayground" name="findPlayground" time="2.43"/>
  <testcase classname="org.example.HTMLTable" name="htmlTable" time="2.208"/>
  <testcase classname="org.example.TextBox" name="textBox" time="6.102"/>
</testsuite> <!-- basicWebApp -->
